2020-04-10 00:26:10.079  INFO 2784 --- [restartedMain] com.example.DentalGid_site.Application   : Starting Application on Я-ПК with PID 2784 (started by Я in C:\Users\Я\IdeaProjects\DentalGid_site_LDAP)
2020-04-10 00:26:10.085  INFO 2784 --- [restartedMain] com.example.DentalGid_site.Application   : No active profile set, falling back to default profiles: default
2020-04-10 00:26:10.139  INFO 2784 --- [restartedMain] ConfigServletWebServerApplicationContext : Refreshing org.springframework.boot.web.servlet.context.AnnotationConfigServletWebServerApplicationContext@1752b4a3: startup date [Fri Apr 10 00:26:10 EEST 2020]; root of context hierarchy
2020-04-10 00:26:13.051  INFO 2784 --- [restartedMain] trationDelegate$BeanPostProcessorChecker : Bean 'org.springframework.transaction.annotation.ProxyTransactionManagementConfiguration' of type [org.springframework.transaction.annotation.ProxyTransactionManagementConfiguration$$EnhancerBySpringCGLIB$$bdd596d2] is not eligible for getting processed by all BeanPostProcessors (for example: not eligible for auto-proxying)
2020-04-10 00:26:13.097  INFO 2784 --- [restartedMain] trationDelegate$BeanPostProcessorChecker : Bean 'org.springframework.security.config.annotation.configuration.ObjectPostProcessorConfiguration' of type [org.springframework.security.config.annotation.configuration.ObjectPostProcessorConfiguration$$EnhancerBySpringCGLIB$$56835f0c] is not eligible for getting processed by all BeanPostProcessors (for example: not eligible for auto-proxying)
2020-04-10 00:26:13.107  INFO 2784 --- [restartedMain] trationDelegate$BeanPostProcessorChecker : Bean 'objectPostProcessor' of type [org.springframework.security.config.annotation.configuration.AutowireBeanFactoryObjectPostProcessor] is not eligible for getting processed by all BeanPostProcessors (for example: not eligible for auto-proxying)
2020-04-10 00:26:13.110  INFO 2784 --- [restartedMain] trationDelegate$BeanPostProcessorChecker : Bean 'org.springframework.security.access.expression.method.DefaultMethodSecurityExpressionHandler@7bb150d9' of type [org.springframework.security.access.expression.method.DefaultMethodSecurityExpressionHandler] is not eligible for getting processed by all BeanPostProcessors (for example: not eligible for auto-proxying)
2020-04-10 00:26:13.118  INFO 2784 --- [restartedMain] trationDelegate$BeanPostProcessorChecker : Bean 'org.springframework.security.config.annotation.method.configuration.GlobalMethodSecurityConfiguration' of type [org.springframework.security.config.annotation.method.configuration.GlobalMethodSecurityConfiguration$$EnhancerBySpringCGLIB$$7b5801be] is not eligible for getting processed by all BeanPostProcessors (for example: not eligible for auto-proxying)
2020-04-10 00:26:13.135  INFO 2784 --- [restartedMain] trationDelegate$BeanPostProcessorChecker : Bean 'methodSecurityMetadataSource' of type [org.springframework.security.access.method.DelegatingMethodSecurityMetadataSource] is not eligible for getting processed by all BeanPostProcessors (for example: not eligible for auto-proxying)
2020-04-10 00:26:13.673  INFO 2784 --- [restartedMain] o.s.b.w.embedded.tomcat.TomcatWebServer  : Tomcat initialized with port(s): 8082 (http)
2020-04-10 00:26:13.719  INFO 2784 --- [restartedMain] o.apache.catalina.core.StandardService   : Starting service [Tomcat]
2020-04-10 00:26:13.720  INFO 2784 --- [restartedMain] org.apache.catalina.core.StandardEngine  : Starting Servlet Engine: Apache Tomcat/8.5.28
2020-04-10 00:26:13.727  INFO 2784 --- [localhost-startStop-1] o.a.catalina.core.AprLifecycleListener   : The APR based Apache Tomcat Native library which allows optimal performance in production environments was not found on the java.library.path: [C:\Program Files\JetBrains\IntelliJ IDEA 2019.3.2\jbr\bin;C:\WINDOWS\Sun\Java\bin;C:\WINDOWS\system32;C:\WINDOWS;C:\Program Files (x86)\Common Files\Oracle\Java\javapath;C:\Program Files (x86)\Intel\iCLS Client\;C:\Program Files\Intel\iCLS Client\;C:\Program Files (x86)\NVIDIA Corporation\PhysX\Common;C:\Program Files\Broadcom\Broadcom 802.11 Network Adapter\Driver;;C:\WINDOWS\SYSTEM32;C:\WINDOWS;C:\WINDOWS\SYSTEM32\WBEM;C:\WINDOWS\SYSTEM32\WINDOWSPOWERSHELL\V1.0\;C:\Program Files\Lenovo\Bluetooth Software\;C:\Program Files\Lenovo\Bluetooth Software\syswow64;C:\Program Files (x86)\Intel\OpenCL SDK\2.0\bin\x86;C:\Program Files (x86)\Intel\OpenCL SDK\2.0\bin\x64;C:\Program Files\Intel\Intel(R) Management Engine Components\DAL;C:\Program Files\Intel\Intel(R) Management Engine Components\IPT;C:\Program Files (x86)\Intel\Intel(R) Management Engine Components\DAL;C:\Program Files (x86)\Intel\Intel(R) Management Engine Components\IPT;C:\WINDOWS\system32;C:\WINDOWS;C:\WINDOWS\System32\Wbem;C:\WINDOWS\System32\WindowsPowerShell\v1.0\;C:\WINDOWS\System32\OpenSSH\;D:\Programs\Putty\;C:\Program Files (x86)\SSH Communications Security\SSH Tectia\SSH Tectia AUX;C:\Program Files (x86)\SSH Communications Security\SSH Tectia\SSH Tectia AUX\Support binaries;C:\Program Files (x86)\SSH Communications Security\SSH Tectia\SSH Tectia Broker;C:\Program Files (x86)\SSH Communications Security\SSH Tectia\SSH Tectia Client;C:\Program Files\MySQL\MySQL Shell 8.0\bin\;C:\Users\Я\AppData\Local\Microsoft\WindowsApps;;C:\Program Files\JetBrains\IntelliJ IDEA 2019.3.2\bin;;.]
2020-04-10 00:26:13.858  INFO 2784 --- [localhost-startStop-1] o.a.c.c.C.[Tomcat].[localhost].[/]       : Initializing Spring embedded WebApplicationContext
2020-04-10 00:26:13.858  INFO 2784 --- [localhost-startStop-1] o.s.web.context.ContextLoader            : Root WebApplicationContext: initialization completed in 3719 ms
2020-04-10 00:26:14.057  INFO 2784 --- [localhost-startStop-1] o.s.b.w.servlet.FilterRegistrationBean   : Mapping filter: 'characterEncodingFilter' to: [/*]
2020-04-10 00:26:14.057  INFO 2784 --- [localhost-startStop-1] o.s.b.w.servlet.FilterRegistrationBean   : Mapping filter: 'hiddenHttpMethodFilter' to: [/*]
2020-04-10 00:26:14.058  INFO 2784 --- [localhost-startStop-1] o.s.b.w.servlet.FilterRegistrationBean   : Mapping filter: 'httpPutFormContentFilter' to: [/*]
2020-04-10 00:26:14.058  INFO 2784 --- [localhost-startStop-1] o.s.b.w.servlet.FilterRegistrationBean   : Mapping filter: 'requestContextFilter' to: [/*]
2020-04-10 00:26:14.058  INFO 2784 --- [localhost-startStop-1] .s.DelegatingFilterProxyRegistrationBean : Mapping filter: 'springSecurityFilterChain' to: [/*]
2020-04-10 00:26:14.059  INFO 2784 --- [localhost-startStop-1] o.s.b.w.servlet.ServletRegistrationBean  : Servlet dispatcherServlet mapped to [/]
2020-04-10 00:26:14.197  INFO 2784 --- [restartedMain] com.zaxxer.hikari.HikariDataSource       : HikariPool-1 - Starting...
2020-04-10 00:26:14.542  INFO 2784 --- [restartedMain] com.zaxxer.hikari.HikariDataSource       : HikariPool-1 - Start completed.
2020-04-10 00:26:14.589  INFO 2784 --- [restartedMain] j.LocalContainerEntityManagerFactoryBean : Building JPA container EntityManagerFactory for persistence unit 'default'
2020-04-10 00:26:14.613  INFO 2784 --- [restartedMain] o.hibernate.jpa.internal.util.LogHelper  : HHH000204: Processing PersistenceUnitInfo [
	name: default
	...]
2020-04-10 00:26:14.686  INFO 2784 --- [restartedMain] org.hibernate.Version                    : HHH000412: Hibernate Core {5.2.14.Final}
2020-04-10 00:26:14.687  INFO 2784 --- [restartedMain] org.hibernate.cfg.Environment            : HHH000206: hibernate.properties not found
2020-04-10 00:26:14.722  INFO 2784 --- [restartedMain] o.hibernate.annotations.common.Version   : HCANN000001: Hibernate Commons Annotations {5.0.1.Final}
2020-04-10 00:26:14.857  INFO 2784 --- [restartedMain] org.hibernate.dialect.Dialect            : HHH000400: Using dialect: org.hibernate.dialect.MySQL5Dialect
2020-04-10 00:26:15.258  INFO 2784 --- [restartedMain] j.LocalContainerEntityManagerFactoryBean : Initialized JPA EntityManagerFactory for persistence unit 'default'
2020-04-10 00:26:15.694  INFO 2784 --- [restartedMain] s.s.l.DefaultSpringSecurityContextSource :  URL 'ldap://localhost:8389/dc=springframework,dc=org', root DN is 'dc=springframework,dc=org'
2020-04-10 00:26:15.704  INFO 2784 --- [restartedMain] o.s.l.c.support.AbstractContextSource    : Property 'userDn' not set - anonymous context will be used for read-write operations
2020-04-10 00:26:16.021  INFO 2784 --- [restartedMain] s.w.s.m.m.a.RequestMappingHandlerAdapter : Looking for @ControllerAdvice: org.springframework.boot.web.servlet.context.AnnotationConfigServletWebServerApplicationContext@1752b4a3: startup date [Fri Apr 10 00:26:10 EEST 2020]; root of context hierarchy
2020-04-10 00:26:16.068  WARN 2784 --- [restartedMain] aWebConfiguration$JpaWebMvcConfiguration : spring.jpa.open-in-view is enabled by default. Therefore, database queries may be performed during view rendering. Explicitly configure spring.jpa.open-in-view to disable this warning
2020-04-10 00:26:16.120  INFO 2784 --- [restartedMain] s.w.s.m.m.a.RequestMappingHandlerMapping : Mapped "{[/],methods=[GET]}" onto public java.lang.String com.example.DentalGid_site.controller.HelloResource.check(org.springframework.ui.Model)
2020-04-10 00:26:16.121  INFO 2784 --- [restartedMain] s.w.s.m.m.a.RequestMappingHandlerMapping : Mapped "{[/login],methods=[GET]}" onto public java.lang.String com.example.DentalGid_site.controller.HelloResource.menu()
2020-04-10 00:26:16.125  INFO 2784 --- [restartedMain] s.w.s.m.m.a.RequestMappingHandlerMapping : Mapped "{[/error]}" onto public org.springframework.http.ResponseEntity<java.util.Map<java.lang.String, java.lang.Object>> org.springframework.boot.autoconfigure.web.servlet.error.BasicErrorController.error(javax.servlet.http.HttpServletRequest)
2020-04-10 00:26:16.126  INFO 2784 --- [restartedMain] s.w.s.m.m.a.RequestMappingHandlerMapping : Mapped "{[/error],produces=[text/html]}" onto public org.springframework.web.servlet.ModelAndView org.springframework.boot.autoconfigure.web.servlet.error.BasicErrorController.errorHtml(javax.servlet.http.HttpServletRequest,javax.servlet.http.HttpServletResponse)
2020-04-10 00:26:16.164  INFO 2784 --- [restartedMain] o.s.w.s.handler.SimpleUrlHandlerMapping  : Mapped URL path [/webjars/**] onto handler of type [class org.springframework.web.servlet.resource.ResourceHttpRequestHandler]
2020-04-10 00:26:16.165  INFO 2784 --- [restartedMain] o.s.w.s.handler.SimpleUrlHandlerMapping  : Mapped URL path [/**] onto handler of type [class org.springframework.web.servlet.resource.ResourceHttpRequestHandler]
2020-04-10 00:26:16.206  INFO 2784 --- [restartedMain] o.s.w.s.handler.SimpleUrlHandlerMapping  : Mapped URL path [/**/favicon.ico] onto handler of type [class org.springframework.web.servlet.resource.ResourceHttpRequestHandler]
2020-04-10 00:26:18.006  INFO 2784 --- [restartedMain] o.s.w.s.v.f.FreeMarkerConfigurer         : ClassTemplateLoader for Spring macros added to FreeMarker configuration
2020-04-10 00:26:18.290  INFO 2784 --- [restartedMain] o.s.s.web.DefaultSecurityFilterChain     : Creating filter chain: org.springframework.security.web.util.matcher.AnyRequestMatcher@1, [org.springframework.security.web.context.request.async.WebAsyncManagerIntegrationFilter@339e4539, org.springframework.security.web.context.SecurityContextPersistenceFilter@64d0c899, org.springframework.security.web.header.HeaderWriterFilter@761eabc3, org.springframework.security.web.csrf.CsrfFilter@3cdd9465, org.springframework.security.web.authentication.logout.LogoutFilter@2cfae28b, org.springframework.security.web.authentication.UsernamePasswordAuthenticationFilter@1d7b1df2, org.springframework.security.web.savedrequest.RequestCacheAwareFilter@52cefd65, org.springframework.security.web.servletapi.SecurityContextHolderAwareRequestFilter@178f5b74, org.springframework.security.web.authentication.AnonymousAuthenticationFilter@1b611516, org.springframework.security.web.session.SessionManagementFilter@320275de, org.springframework.security.web.access.ExceptionTranslationFilter@53b8bc02, org.springframework.security.web.access.intercept.FilterSecurityInterceptor@76b38cd9]
2020-04-10 00:26:18.312  INFO 2784 --- [restartedMain] .s.s.UserDetailsServiceAutoConfiguration : 

Using generated security password: 0407d137-1f95-47a7-aaec-14bd37be5b2c

2020-04-10 00:26:18.370  WARN 2784 --- [restartedMain] o.s.b.d.a.OptionalLiveReloadServer       : Unable to start LiveReload server
2020-04-10 00:26:18.466  INFO 2784 --- [restartedMain] o.s.j.e.a.AnnotationMBeanExporter        : Registering beans for JMX exposure on startup
2020-04-10 00:26:18.467  INFO 2784 --- [restartedMain] o.s.j.e.a.AnnotationMBeanExporter        : Bean with name 'dataSource' has been autodetected for JMX exposure
2020-04-10 00:26:18.475  INFO 2784 --- [restartedMain] o.s.j.e.a.AnnotationMBeanExporter        : Located MBean 'dataSource': registering with JMX server as MBean [com.zaxxer.hikari:name=dataSource,type=HikariDataSource]
2020-04-10 00:26:18.517  INFO 2784 --- [restartedMain] o.s.b.w.embedded.tomcat.TomcatWebServer  : Tomcat started on port(s): 8082 (http) with context path ''
2020-04-10 00:26:18.525  INFO 2784 --- [restartedMain] com.example.DentalGid_site.Application   : Started Application in 9.342 seconds (JVM running for 11.683)
2020-04-10 00:26:31.380  INFO 2784 --- [http-nio-8082-exec-1] o.a.c.c.C.[Tomcat].[localhost].[/]       : Initializing Spring FrameworkServlet 'dispatcherServlet'
2020-04-10 00:26:31.381  INFO 2784 --- [http-nio-8082-exec-1] o.s.web.servlet.DispatcherServlet        : FrameworkServlet 'dispatcherServlet': initialization started
2020-04-10 00:26:31.409  INFO 2784 --- [http-nio-8082-exec-1] o.s.web.servlet.DispatcherServlet        : FrameworkServlet 'dispatcherServlet': initialization completed in 28 ms
2020-04-10 00:26:31.502  WARN 2784 --- [http-nio-8082-exec-1] global                                   : auth fail anonymousUser
2020-04-10 00:26:33.098  WARN 2784 --- [http-nio-8082-exec-3] global                                   : auth fail anonymousUser
2020-04-10 00:26:51.061  INFO 2784 --- [http-nio-8082-exec-6] global                                   : user = org.springframework.security.ldap.userdetails.LdapUserDetailsImpl@fc66a2b: Dn: uid=ben,ou=people,dc=springframework,dc=org; Username: ben; Password: [PROTECTED]; Enabled: true; AccountNonExpired: true; CredentialsNonExpired: true; AccountNonLocked: true; Granted Authorities: ROLE_MANAGERS, ROLE_DEVELOPERS
2020-04-10 00:27:07.480  WARN 2784 --- [http-nio-8082-exec-9] global                                   : auth fail anonymousUser
2020-04-10 00:27:16.278  INFO 2784 --- [http-nio-8082-exec-1] global                                   : user = org.springframework.security.ldap.userdetails.LdapUserDetailsImpl@fc66a2b: Dn: uid=ben,ou=people,dc=springframework,dc=org; Username: ben; Password: [PROTECTED]; Enabled: true; AccountNonExpired: true; CredentialsNonExpired: true; AccountNonLocked: true; Granted Authorities: ROLE_MANAGERS, ROLE_DEVELOPERS
2020-04-10 00:28:29.881  WARN 2784 --- [http-nio-8082-exec-5] global                                   : auth fail anonymousUser
2020-04-10 00:28:39.434  INFO 2784 --- [http-nio-8082-exec-7] global                                   : user = org.springframework.security.ldap.userdetails.LdapUserDetailsImpl@fc66a2b: Dn: uid=ben,ou=people,dc=springframework,dc=org; Username: ben; Password: [PROTECTED]; Enabled: true; AccountNonExpired: true; CredentialsNonExpired: true; AccountNonLocked: true; Granted Authorities: ROLE_MANAGERS, ROLE_DEVELOPERS
2020-04-10 00:32:41.445  WARN 2784 --- [http-nio-8082-exec-1] global                                   : auth fail anonymousUser
2020-04-10 00:32:41.446  WARN 2784 --- [http-nio-8082-exec-1] global                                   : block anonymousUser
2020-04-10 00:32:46.201  WARN 2784 --- [http-nio-8082-exec-3] global                                   : auth fail anonymousUser
2020-04-10 00:32:46.202  WARN 2784 --- [http-nio-8082-exec-3] global                                   : block anonymousUser
2020-04-10 00:32:56.065  INFO 18044 --- [restartedMain] com.example.DentalGid_site.Application   : Starting Application on Я-ПК with PID 18044 (started by Я in C:\Users\Я\IdeaProjects\DentalGid_site_LDAP)
2020-04-10 00:32:56.067  INFO 18044 --- [restartedMain] com.example.DentalGid_site.Application   : No active profile set, falling back to default profiles: default
2020-04-10 00:32:56.128  INFO 18044 --- [restartedMain] ConfigServletWebServerApplicationContext : Refreshing org.springframework.boot.web.servlet.context.AnnotationConfigServletWebServerApplicationContext@7445335d: startup date [Fri Apr 10 00:32:56 EEST 2020]; root of context hierarchy
2020-04-10 00:32:57.978  INFO 18044 --- [restartedMain] trationDelegate$BeanPostProcessorChecker : Bean 'org.springframework.transaction.annotation.ProxyTransactionManagementConfiguration' of type [org.springframework.transaction.annotation.ProxyTransactionManagementConfiguration$$EnhancerBySpringCGLIB$$fa3587fe] is not eligible for getting processed by all BeanPostProcessors (for example: not eligible for auto-proxying)
2020-04-10 00:32:58.027  INFO 18044 --- [restartedMain] trationDelegate$BeanPostProcessorChecker : Bean 'org.springframework.security.config.annotation.configuration.ObjectPostProcessorConfiguration' of type [org.springframework.security.config.annotation.configuration.ObjectPostProcessorConfiguration$$EnhancerBySpringCGLIB$$92e35038] is not eligible for getting processed by all BeanPostProcessors (for example: not eligible for auto-proxying)
2020-04-10 00:32:58.037  INFO 18044 --- [restartedMain] trationDelegate$BeanPostProcessorChecker : Bean 'objectPostProcessor' of type [org.springframework.security.config.annotation.configuration.AutowireBeanFactoryObjectPostProcessor] is not eligible for getting processed by all BeanPostProcessors (for example: not eligible for auto-proxying)
2020-04-10 00:32:58.039  INFO 18044 --- [restartedMain] trationDelegate$BeanPostProcessorChecker : Bean 'org.springframework.security.access.expression.method.DefaultMethodSecurityExpressionHandler@5df37c77' of type [org.springframework.security.access.expression.method.DefaultMethodSecurityExpressionHandler] is not eligible for getting processed by all BeanPostProcessors (for example: not eligible for auto-proxying)
2020-04-10 00:32:58.045  INFO 18044 --- [restartedMain] trationDelegate$BeanPostProcessorChecker : Bean 'org.springframework.security.config.annotation.method.configuration.GlobalMethodSecurityConfiguration' of type [org.springframework.security.config.annotation.method.configuration.GlobalMethodSecurityConfiguration$$EnhancerBySpringCGLIB$$b7b7f2ea] is not eligible for getting processed by all BeanPostProcessors (for example: not eligible for auto-proxying)
2020-04-10 00:32:58.055  INFO 18044 --- [restartedMain] trationDelegate$BeanPostProcessorChecker : Bean 'methodSecurityMetadataSource' of type [org.springframework.security.access.method.DelegatingMethodSecurityMetadataSource] is not eligible for getting processed by all BeanPostProcessors (for example: not eligible for auto-proxying)
2020-04-10 00:32:58.385  INFO 18044 --- [restartedMain] o.s.b.w.embedded.tomcat.TomcatWebServer  : Tomcat initialized with port(s): 8082 (http)
2020-04-10 00:32:58.406  INFO 18044 --- [restartedMain] o.apache.catalina.core.StandardService   : Starting service [Tomcat]
2020-04-10 00:32:58.407  INFO 18044 --- [restartedMain] org.apache.catalina.core.StandardEngine  : Starting Servlet Engine: Apache Tomcat/8.5.28
2020-04-10 00:32:58.412  INFO 18044 --- [localhost-startStop-1] o.a.catalina.core.AprLifecycleListener   : The APR based Apache Tomcat Native library which allows optimal performance in production environments was not found on the java.library.path: [C:\Program Files\JetBrains\IntelliJ IDEA 2019.3.2\jbr\bin;C:\WINDOWS\Sun\Java\bin;C:\WINDOWS\system32;C:\WINDOWS;C:\Program Files (x86)\Common Files\Oracle\Java\javapath;C:\Program Files (x86)\Intel\iCLS Client\;C:\Program Files\Intel\iCLS Client\;C:\Program Files (x86)\NVIDIA Corporation\PhysX\Common;C:\Program Files\Broadcom\Broadcom 802.11 Network Adapter\Driver;;C:\WINDOWS\SYSTEM32;C:\WINDOWS;C:\WINDOWS\SYSTEM32\WBEM;C:\WINDOWS\SYSTEM32\WINDOWSPOWERSHELL\V1.0\;C:\Program Files\Lenovo\Bluetooth Software\;C:\Program Files\Lenovo\Bluetooth Software\syswow64;C:\Program Files (x86)\Intel\OpenCL SDK\2.0\bin\x86;C:\Program Files (x86)\Intel\OpenCL SDK\2.0\bin\x64;C:\Program Files\Intel\Intel(R) Management Engine Components\DAL;C:\Program Files\Intel\Intel(R) Management Engine Components\IPT;C:\Program Files (x86)\Intel\Intel(R) Management Engine Components\DAL;C:\Program Files (x86)\Intel\Intel(R) Management Engine Components\IPT;C:\WINDOWS\system32;C:\WINDOWS;C:\WINDOWS\System32\Wbem;C:\WINDOWS\System32\WindowsPowerShell\v1.0\;C:\WINDOWS\System32\OpenSSH\;D:\Programs\Putty\;C:\Program Files (x86)\SSH Communications Security\SSH Tectia\SSH Tectia AUX;C:\Program Files (x86)\SSH Communications Security\SSH Tectia\SSH Tectia AUX\Support binaries;C:\Program Files (x86)\SSH Communications Security\SSH Tectia\SSH Tectia Broker;C:\Program Files (x86)\SSH Communications Security\SSH Tectia\SSH Tectia Client;C:\Program Files\MySQL\MySQL Shell 8.0\bin\;C:\Users\Я\AppData\Local\Microsoft\WindowsApps;;C:\Program Files\JetBrains\IntelliJ IDEA 2019.3.2\bin;;.]
2020-04-10 00:32:58.555  INFO 18044 --- [localhost-startStop-1] o.a.c.c.C.[Tomcat].[localhost].[/]       : Initializing Spring embedded WebApplicationContext
2020-04-10 00:32:58.555  INFO 18044 --- [localhost-startStop-1] o.s.web.context.ContextLoader            : Root WebApplicationContext: initialization completed in 2427 ms
2020-04-10 00:32:58.745  INFO 18044 --- [localhost-startStop-1] o.s.b.w.servlet.FilterRegistrationBean   : Mapping filter: 'characterEncodingFilter' to: [/*]
2020-04-10 00:32:58.746  INFO 18044 --- [localhost-startStop-1] o.s.b.w.servlet.FilterRegistrationBean   : Mapping filter: 'hiddenHttpMethodFilter' to: [/*]
2020-04-10 00:32:58.746  INFO 18044 --- [localhost-startStop-1] o.s.b.w.servlet.FilterRegistrationBean   : Mapping filter: 'httpPutFormContentFilter' to: [/*]
2020-04-10 00:32:58.746  INFO 18044 --- [localhost-startStop-1] o.s.b.w.servlet.FilterRegistrationBean   : Mapping filter: 'requestContextFilter' to: [/*]
2020-04-10 00:32:58.747  INFO 18044 --- [localhost-startStop-1] .s.DelegatingFilterProxyRegistrationBean : Mapping filter: 'springSecurityFilterChain' to: [/*]
2020-04-10 00:32:58.747  INFO 18044 --- [localhost-startStop-1] o.s.b.w.servlet.ServletRegistrationBean  : Servlet dispatcherServlet mapped to [/]
2020-04-10 00:32:58.887  INFO 18044 --- [restartedMain] com.zaxxer.hikari.HikariDataSource       : HikariPool-1 - Starting...
2020-04-10 00:32:58.980  INFO 18044 --- [restartedMain] com.zaxxer.hikari.HikariDataSource       : HikariPool-1 - Start completed.
2020-04-10 00:32:59.056  INFO 18044 --- [restartedMain] j.LocalContainerEntityManagerFactoryBean : Building JPA container EntityManagerFactory for persistence unit 'default'
2020-04-10 00:32:59.072  INFO 18044 --- [restartedMain] o.hibernate.jpa.internal.util.LogHelper  : HHH000204: Processing PersistenceUnitInfo [
	name: default
	...]
2020-04-10 00:32:59.155  INFO 18044 --- [restartedMain] org.hibernate.Version                    : HHH000412: Hibernate Core {5.2.14.Final}
2020-04-10 00:32:59.157  INFO 18044 --- [restartedMain] org.hibernate.cfg.Environment            : HHH000206: hibernate.properties not found
2020-04-10 00:32:59.193  INFO 18044 --- [restartedMain] o.hibernate.annotations.common.Version   : HCANN000001: Hibernate Commons Annotations {5.0.1.Final}
2020-04-10 00:32:59.319  INFO 18044 --- [restartedMain] org.hibernate.dialect.Dialect            : HHH000400: Using dialect: org.hibernate.dialect.MySQL5Dialect
2020-04-10 00:32:59.584  INFO 18044 --- [restartedMain] j.LocalContainerEntityManagerFactoryBean : Initialized JPA EntityManagerFactory for persistence unit 'default'
2020-04-10 00:32:59.750  INFO 18044 --- [restartedMain] s.s.l.DefaultSpringSecurityContextSource :  URL 'ldap://localhost:8389/dc=springframework,dc=org', root DN is 'dc=springframework,dc=org'
2020-04-10 00:32:59.755  INFO 18044 --- [restartedMain] o.s.l.c.support.AbstractContextSource    : Property 'userDn' not set - anonymous context will be used for read-write operations
2020-04-10 00:33:00.177  INFO 18044 --- [restartedMain] s.w.s.m.m.a.RequestMappingHandlerAdapter : Looking for @ControllerAdvice: org.springframework.boot.web.servlet.context.AnnotationConfigServletWebServerApplicationContext@7445335d: startup date [Fri Apr 10 00:32:56 EEST 2020]; root of context hierarchy
2020-04-10 00:33:00.209  WARN 18044 --- [restartedMain] aWebConfiguration$JpaWebMvcConfiguration : spring.jpa.open-in-view is enabled by default. Therefore, database queries may be performed during view rendering. Explicitly configure spring.jpa.open-in-view to disable this warning
2020-04-10 00:33:00.250  INFO 18044 --- [restartedMain] s.w.s.m.m.a.RequestMappingHandlerMapping : Mapped "{[/],methods=[GET]}" onto public java.lang.String com.example.DentalGid_site.controller.HelloResource.check(org.springframework.ui.Model)
2020-04-10 00:33:00.251  INFO 18044 --- [restartedMain] s.w.s.m.m.a.RequestMappingHandlerMapping : Mapped "{[/login],methods=[GET]}" onto public java.lang.String com.example.DentalGid_site.controller.HelloResource.menu()
2020-04-10 00:33:00.256  INFO 18044 --- [restartedMain] s.w.s.m.m.a.RequestMappingHandlerMapping : Mapped "{[/error]}" onto public org.springframework.http.ResponseEntity<java.util.Map<java.lang.String, java.lang.Object>> org.springframework.boot.autoconfigure.web.servlet.error.BasicErrorController.error(javax.servlet.http.HttpServletRequest)
2020-04-10 00:33:00.257  INFO 18044 --- [restartedMain] s.w.s.m.m.a.RequestMappingHandlerMapping : Mapped "{[/error],produces=[text/html]}" onto public org.springframework.web.servlet.ModelAndView org.springframework.boot.autoconfigure.web.servlet.error.BasicErrorController.errorHtml(javax.servlet.http.HttpServletRequest,javax.servlet.http.HttpServletResponse)
2020-04-10 00:33:00.295  INFO 18044 --- [restartedMain] o.s.w.s.handler.SimpleUrlHandlerMapping  : Mapped URL path [/webjars/**] onto handler of type [class org.springframework.web.servlet.resource.ResourceHttpRequestHandler]
2020-04-10 00:33:00.295  INFO 18044 --- [restartedMain] o.s.w.s.handler.SimpleUrlHandlerMapping  : Mapped URL path [/**] onto handler of type [class org.springframework.web.servlet.resource.ResourceHttpRequestHandler]
2020-04-10 00:33:00.339  INFO 18044 --- [restartedMain] o.s.w.s.handler.SimpleUrlHandlerMapping  : Mapped URL path [/**/favicon.ico] onto handler of type [class org.springframework.web.servlet.resource.ResourceHttpRequestHandler]
2020-04-10 00:33:00.749  INFO 18044 --- [restartedMain] o.s.w.s.v.f.FreeMarkerConfigurer         : ClassTemplateLoader for Spring macros added to FreeMarker configuration
2020-04-10 00:33:01.012  INFO 18044 --- [restartedMain] o.s.s.web.DefaultSecurityFilterChain     : Creating filter chain: org.springframework.security.web.util.matcher.AnyRequestMatcher@1, [org.springframework.security.web.context.request.async.WebAsyncManagerIntegrationFilter@542da11f, org.springframework.security.web.context.SecurityContextPersistenceFilter@79b1c57d, org.springframework.security.web.header.HeaderWriterFilter@27b179e4, org.springframework.security.web.csrf.CsrfFilter@bab959, org.springframework.security.web.authentication.logout.LogoutFilter@4e0a423c, org.springframework.security.web.authentication.UsernamePasswordAuthenticationFilter@3b7786f9, org.springframework.security.web.savedrequest.RequestCacheAwareFilter@bc75600, org.springframework.security.web.servletapi.SecurityContextHolderAwareRequestFilter@743160cb, org.springframework.security.web.authentication.AnonymousAuthenticationFilter@430034dd, org.springframework.security.web.session.SessionManagementFilter@447693ec, org.springframework.security.web.access.ExceptionTranslationFilter@10aec3fc, org.springframework.security.web.access.intercept.FilterSecurityInterceptor@e30c8ad]
2020-04-10 00:33:01.032  INFO 18044 --- [restartedMain] .s.s.UserDetailsServiceAutoConfiguration : 

Using generated security password: 3b4c7f86-caa3-4894-8b08-8ee23f091374

2020-04-10 00:33:01.087  WARN 18044 --- [restartedMain] o.s.b.d.a.OptionalLiveReloadServer       : Unable to start LiveReload server
2020-04-10 00:33:01.199  INFO 18044 --- [restartedMain] o.s.j.e.a.AnnotationMBeanExporter        : Registering beans for JMX exposure on startup
2020-04-10 00:33:01.201  INFO 18044 --- [restartedMain] o.s.j.e.a.AnnotationMBeanExporter        : Bean with name 'dataSource' has been autodetected for JMX exposure
2020-04-10 00:33:01.208  INFO 18044 --- [restartedMain] o.s.j.e.a.AnnotationMBeanExporter        : Located MBean 'dataSource': registering with JMX server as MBean [com.zaxxer.hikari:name=dataSource,type=HikariDataSource]
2020-04-10 00:33:01.278  INFO 18044 --- [restartedMain] o.s.b.w.embedded.tomcat.TomcatWebServer  : Tomcat started on port(s): 8082 (http) with context path ''
2020-04-10 00:33:01.289  INFO 18044 --- [restartedMain] com.example.DentalGid_site.Application   : Started Application in 5.714 seconds (JVM running for 7.117)
2020-04-10 00:33:10.629  INFO 18044 --- [http-nio-8082-exec-1] o.a.c.c.C.[Tomcat].[localhost].[/]       : Initializing Spring FrameworkServlet 'dispatcherServlet'
2020-04-10 00:33:10.630  INFO 18044 --- [http-nio-8082-exec-1] o.s.web.servlet.DispatcherServlet        : FrameworkServlet 'dispatcherServlet': initialization started
2020-04-10 00:33:10.653  INFO 18044 --- [http-nio-8082-exec-1] o.s.web.servlet.DispatcherServlet        : FrameworkServlet 'dispatcherServlet': initialization completed in 23 ms
2020-04-10 00:33:10.734  WARN 18044 --- [http-nio-8082-exec-1] global                                   : auth fail anonymousUser
2020-04-10 00:33:18.876  WARN 18044 --- [http-nio-8082-exec-3] global                                   : auth fail anonymousUser
2020-04-10 00:33:33.048  INFO 18044 --- [http-nio-8082-exec-6] global                                   : user = org.springframework.security.ldap.userdetails.LdapUserDetailsImpl@fc66a2b: Dn: uid=ben,ou=people,dc=springframework,dc=org; Username: ben; Password: [PROTECTED]; Enabled: true; AccountNonExpired: true; CredentialsNonExpired: true; AccountNonLocked: true; Granted Authorities: ROLE_MANAGERS, ROLE_DEVELOPERS
